<?xml version="1.0" encoding="UTF-8"?>
<testng-results skipped="0" failed="0" ignored="0" total="1" passed="1">
  <reporter-output>
  </reporter-output>
  <suite name="Default suite" duration-ms="15894" started-at="2021-12-30T11:16:02 EST" finished-at="2021-12-30T11:16:18 EST">
    <groups>
    </groups>
    <test name="Default test" duration-ms="15894" started-at="2021-12-30T11:16:02 EST" finished-at="2021-12-30T11:16:18 EST">
      <class name="com.demo.test.scripts.DemoTest">
        <test-method status="PASS" signature="beforeClass()[pri:0, instance:com.demo.test.scripts.DemoTest@1e7c7811]" name="beforeClass" is-config="true" duration-ms="11" started-at="2021-12-30T11:16:02 EST" finished-at="2021-12-30T11:16:02 EST">
          <reporter-output>
          </reporter-output>
        </test-method> <!-- beforeClass -->
        <test-method status="PASS" signature="setUp()[pri:0, instance:com.demo.test.scripts.DemoTest@1e7c7811]" name="setUp" is-config="true" duration-ms="3679" started-at="2021-12-30T11:16:02 EST" finished-at="2021-12-30T11:16:06 EST">
          <reporter-output>
          </reporter-output>
        </test-method> <!-- setUp -->
        <test-method status="PASS" signature="logIn()[pri:0, instance:com.demo.test.scripts.DemoTest@1e7c7811]" name="logIn" duration-ms="11238" started-at="2021-12-30T11:16:06 EST" finished-at="2021-12-30T11:16:17 EST">
          <reporter-output>
          </reporter-output>
        </test-method> <!-- logIn -->
        <test-method status="PASS" signature="tearDown()[pri:0, instance:com.demo.test.scripts.DemoTest@1e7c7811]" name="tearDown" is-config="true" duration-ms="240" started-at="2021-12-30T11:16:17 EST" finished-at="2021-12-30T11:16:18 EST">
          <reporter-output>
          </reporter-output>
        </test-method> <!-- tearDown -->
        <test-method status="PASS" signature="afterClass()[pri:0, instance:com.demo.test.scripts.DemoTest@1e7c7811]" name="afterClass" is-config="true" duration-ms="674" started-at="2021-12-30T11:16:18 EST" finished-at="2021-12-30T11:16:18 EST">
          <reporter-output>
          </reporter-output>
        </test-method> <!-- afterClass -->
      </class> <!-- com.demo.test.scripts.DemoTest -->
    </test> <!-- Default test -->
  </suite> <!-- Default suite -->
</testng-results>
